<?xml version="1.0" encoding="UTF-8"?>
<testng-results ignored="0" total="4" passed="4" failed="0" skipped="0">
  <reporter-output>
  </reporter-output>
  <suite started-at="2022-10-01T17:32:05 IST" name="Default suite" finished-at="2022-10-01T17:32:22 IST" duration-ms="16436">
    <groups>
    </groups>
    <test started-at="2022-10-01T17:32:05 IST" name="Default test" finished-at="2022-10-01T17:32:22 IST" duration-ms="16436">
      <class name="com.testng.NewTest">
        <test-method signature="ValidateLoginScript()[pri:0, instance:com.testng.NewTest@20ccf40b]" started-at="2022-10-01T17:32:05 IST" name="ValidateLoginScript" finished-at="2022-10-01T17:32:10 IST" duration-ms="4509" status="PASS">
          <reporter-output>
          </reporter-output>
        </test-method> <!-- ValidateLoginScript -->
        <test-method signature="addDetailToRegisterForm()[pri:1, instance:com.testng.NewTest@20ccf40b]" started-at="2022-10-01T17:32:10 IST" name="addDetailToRegisterForm" finished-at="2022-10-01T17:32:12 IST" duration-ms="2428" status="PASS">
          <reporter-output>
          </reporter-output>
        </test-method> <!-- addDetailToRegisterForm -->
        <test-method signature="addToCart()[pri:2, instance:com.testng.NewTest@20ccf40b]" started-at="2022-10-01T17:32:12 IST" name="addToCart" finished-at="2022-10-01T17:32:15 IST" duration-ms="2982" status="PASS">
          <reporter-output>
          </reporter-output>
        </test-method> <!-- addToCart -->
        <test-method signature="addDetailsToLoginForm()[pri:3, instance:com.testng.NewTest@20ccf40b]" started-at="2022-10-01T17:32:15 IST" name="addDetailsToLoginForm" finished-at="2022-10-01T17:32:22 IST" duration-ms="6450" status="PASS">
          <reporter-output>
          </reporter-output>
        </test-method> <!-- addDetailsToLoginForm -->
      </class> <!-- com.testng.NewTest -->
    </test> <!-- Default test -->
  </suite> <!-- Default suite -->
</testng-results>
