<?xml version="1.0" encoding="UTF-8"?>
<!-- Generated by org.testng.reporters.JUnitXMLReporter -->
<testsuite ignored="0" hostname="Prems-MacBook-Pro.local" failures="0" tests="4" name="Default test" time="16.436" errors="0" timestamp="2022-10-01T17:32:22 IST">
  <testcase classname="com.testng.NewTest" name="ValidateLoginScript" time="4.509"/>
  <testcase classname="com.testng.NewTest" name="addDetailToRegisterForm" time="2.428"/>
  <testcase classname="com.testng.NewTest" name="addToCart" time="2.982"/>
  <testcase classname="com.testng.NewTest" name="addDetailsToLoginForm" time="6.45"/>
</testsuite> <!-- Default test -->
